INFO:werkzeug: * Restarting with stat
WARNING:werkzeug: * Debugger is active!
INFO:werkzeug: * Debugger PIN: 183-439-565
INFO:werkzeug: * Detected change in '/home/blaq/Desktop/clinicalx/clinicalx_main/website/celeryMasters/inventoryMaster.py', reloading
INFO:werkzeug: * Restarting with stat
WARNING:werkzeug: * Debugger is active!
INFO:werkzeug: * Debugger PIN: 183-439-565
INFO:werkzeug: * Detected change in '/home/blaq/Desktop/clinicalx/clinicalx_main/website/celeryMasters/inventoryMaster.py', reloading
INFO:werkzeug: * Restarting with stat
WARNING:werkzeug: * Debugger is active!
INFO:werkzeug: * Debugger PIN: 183-439-565
INFO:werkzeug: * Detected change in '/home/blaq/Desktop/clinicalx/clinicalx_main/website/celeryMasters/inventoryMaster.py', reloading
INFO:werkzeug: * Restarting with stat
WARNING:werkzeug: * Debugger is active!
INFO:werkzeug: * Debugger PIN: 183-439-565
INFO:root:user:Olorunfemi Oloko, email:f3mioloko@gmail.com, ip:127.0.0.1 at 2024-05-22 19:39:48.381296
INFO:root:user:Olorunfemi Oloko, email:f3mioloko@gmail.com, ip:127.0.0.1 at 2024-05-22 20:24:14.610590
INFO:root:f3mioloko@gmail.com logout, 127.0.0.1 at 2024-05-22 20:51:49.206575
INFO:werkzeug: * Restarting with stat
WARNING:werkzeug: * Debugger is active!
INFO:werkzeug: * Debugger PIN: 541-600-972
INFO:root:user:Olorunfemi Oloko, email:f3mioloko@gmail.com, ip:127.0.0.1 at 2024-05-23 13:55:48.828808
INFO:werkzeug: * Detected change in '/home/blaq/Desktop/clinicalx/clinicalx_main/website/settings.py', reloading
INFO:werkzeug: * Restarting with stat
WARNING:werkzeug: * Debugger is active!
INFO:werkzeug: * Debugger PIN: 541-600-972
